<?xml version="1.0" encoding="UTF-8"?>
<!-- Generated by org.testng.reporters.JUnitReportReporter -->
<testsuite hostname="DESKTOP-0OH831K" failures="0" tests="1" name="firstProjectAuto.MyFirstTest" time="8.568" errors="0" timestamp="2024-08-11T21:10:06 EET" skipped="0">
  <testcase classname="firstProjectAuto.MyFirstTest" name="myFirstTest" time="8.568"/>
  <system-out/>
</testsuite> <!-- firstProjectAuto.MyFirstTest -->
